------------------------------------------------
e-nekomail_Send_api.sh is start.

Access mailApi Start
https://fcms.i-securedeliver.jp/sdms/mails/add
Access mailApi End



Access fileApi Start
https://fcms.i-securedeliver.jp/sdms/mails//resume/
Access fileApi End
------------------------------------------------
Access taskApi Start
Access taskApi End
e-nekomail_Send_api.sh is end.
------------------------------------------------
------------------------------------------------
e-nekomail_Send_api.sh is start.

Access mailApi Start
https://fcms.i-securedeliver.jp/sdms/mails/add
Access mailApi End



Access fileApi Start
https://fcms.i-securedeliver.jp/sdms/mails//resume/
Access fileApi End
------------------------------------------------
Access taskApi Start
Access taskApi End
e-nekomail_Send_api.sh is end.
------------------------------------------------
------------------------------------------------
e-nekomail_Send_api.sh is start.

Access mailApi Start
https://fcms.i-securedeliver.jp/sdms/mails/add
Access mailApi End



Access fileApi Start
https://fcms.i-securedeliver.jp/sdms/mails//resume/
Access fileApi End
------------------------------------------------
Access taskApi Start
Access taskApi End
e-nekomail_Send_api.sh is end.
------------------------------------------------
------------------------------------------------
e-nekomail_Send_api.sh is start.

Access mailApi Start
https://fcms.i-securedeliver.jp/sdms/mails/add
Access mailApi End



Access fileApi Start
https://fcms.i-securedeliver.jp/sdms/mails//resume/
Access fileApi End
------------------------------------------------
Access taskApi Start
Access taskApi End
e-nekomail_Send_api.sh is end.
------------------------------------------------
------------------------------------------------
e-nekomail_Send_api.sh is start.

Access mailApi Start
https://fcms.i-securedeliver.jp/sdms/mails/add
Access mailApi End



Access fileApi Start
https://fcms.i-securedeliver.jp/sdms/mails//resume/
Access fileApi End
------------------------------------------------
Access taskApi Start
Access taskApi End
e-nekomail_Send_api.sh is end.
------------------------------------------------
------------------------------------------------
e-nekomail_Send_api.sh is start.

Access mailApi Start
https://fcms.i-securedeliver.jp/sdms/mails/add
Access mailApi End



Access fileApi Start
https://fcms.i-securedeliver.jp/sdms/mails//resume/
Access fileApi End
------------------------------------------------
Access taskApi Start
Access taskApi End
e-nekomail_Send_api.sh is end.
------------------------------------------------
------------------------------------------------
e-nekomail_Send_api.sh is start.

Access mailApi Start
https://fcms.i-securedeliver.jp/sdms/mails/add
Access mailApi End



Access fileApi Start
https://fcms.i-securedeliver.jp/sdms/mails//resume/
Access fileApi End
------------------------------------------------
Access taskApi Start
Access taskApi End
e-nekomail_Send_api.sh is end.
------------------------------------------------
------------------------------------------------
e-nekomail_Send_api.sh is start.

Access mailApi Start
https://fcms.i-securedeliver.jp/sdms/mails/add
Access mailApi End



Access fileApi Start
https://fcms.i-securedeliver.jp/sdms/mails//resume/
Access fileApi End
------------------------------------------------
Access taskApi Start
Access taskApi End
e-nekomail_Send_api.sh is end.
------------------------------------------------
------------------------------------------------
e-nekomail_Send_api.sh is start.

Access mailApi Start
https://fcms.i-securedeliver.jp/sdms/mails/add
------------------------------------------------
e-nekomail_Send_api.sh is start.

Access mailApi Start
https://fcms.i-securedeliver.jp/sdms/mails/add
Access mailApi End



Access fileApi Start
https://fcms.i-securedeliver.jp/sdms/mails//resume/
Access fileApi End
------------------------------------------------
Access taskApi Start
Access taskApi End
e-nekomail_Send_api.sh is end.
------------------------------------------------
------------------------------------------------
e-nekomail_Send_api.sh is start.

Access mailApi Start
https://fcms.i-securedeliver.jp/sdms/mails/add
Access mailApi End



Access fileApi Start
https://fcms.i-securedeliver.jp/sdms/mails//resume/
Access fileApi End
------------------------------------------------
Access taskApi Start
Access taskApi End
e-nekomail_Send_api.sh is end.
------------------------------------------------
------------------------------------------------
e-nekomail_Send_api.sh is start.

Access mailApi Start
https://fcms.i-securedeliver.jp/sdms/mails/add
Access mailApi End



Access fileApi Start
https://fcms.i-securedeliver.jp/sdms/mails//resume/
Access fileApi End
------------------------------------------------
Access taskApi Start
Access taskApi End
e-nekomail_Send_api.sh is end.
------------------------------------------------
------------------------------------------------
e-nekomail_Send_api.sh is start.

Access mailApi Start
https://fcms.i-securedeliver.jp/sdms/mails/add
Access mailApi End



Access fileApi Start
https://fcms.i-securedeliver.jp/sdms/mails//resume/
Access fileApi End
------------------------------------------------
Access taskApi Start
Access taskApi End
e-nekomail_Send_api.sh is end.
------------------------------------------------
------------------------------------------------
e-nekomail_Send_api.sh is start.

Access mailApi Start
https://fcms.i-securedeliver.jp/sdms/mails/add
Access mailApi End



Access fileApi Start
https://fcms.i-securedeliver.jp/sdms/mails//resume/
Access fileApi End
------------------------------------------------
Access taskApi Start
Access taskApi End
e-nekomail_Send_api.sh is end.
------------------------------------------------
------------------------------------------------
e-nekomail_Send_api.sh is start.

Access mailApi Start
https://fcms.i-securedeliver.jp/sdms/mails/add
Access mailApi End



Access fileApi Start
https://fcms.i-securedeliver.jp/sdms/mails//resume/
Access fileApi End
------------------------------------------------
Access taskApi Start
Access taskApi End
e-nekomail_Send_api.sh is end.
------------------------------------------------
------------------------------------------------
e-nekomail_Send_api.sh is start.

Access mailApi Start
https://fcms.i-securedeliver.jp/sdms/mails/add
Access mailApi End



Access fileApi Start
https://fcms.i-securedeliver.jp/sdms/mails//resume/
Access fileApi End
------------------------------------------------
Access taskApi Start
Access taskApi End
e-nekomail_Send_api.sh is end.
------------------------------------------------
------------------------------------------------
e-nekomail_Send_api.sh is start.

Access mailApi Start
https://fcms.i-securedeliver.jp/sdms/mails/add
Access mailApi End
{ "attachedFiles": [ { "id": 14686248, "fileName": "testmail" } ], "id": 8913092 }
8913092
14686248
Access fileApi Start
https://fcms.i-securedeliver.jp/sdms/mails/8913092/resume/14686248
Access fileApi End
------------------------------------------------
Access taskApi Start
Access taskApi End
e-nekomail_Send_api.sh is end.
------------------------------------------------
------------------------------------------------
e-nekomail_Send_api.sh is start.

Access mailApi Start
https://fcms.i-securedeliver.jp/sdms/mails/add
Access mailApi End
{ "attachedFiles": [ { "id": 14686251, "fileName": "testmail" } ], "id": 8913094 }
8913094
14686251
Access fileApi Start
https://fcms.i-securedeliver.jp/sdms/mails/8913094/resume/14686251
Access fileApi End
------------------------------------------------
Access taskApi Start
Access taskApi End
e-nekomail_Send_api.sh is end.
------------------------------------------------
------------------------------------------------
e-nekomail_Send_api.sh is start.

Access mailApi Start
https://fcms.i-securedeliver.jp/sdms/mails/add
Access mailApi End
{ "attachedFiles": [ { "id": 14686252, "fileName": "testmail" } ], "id": 8913096 }
8913096
14686252
Access fileApi Start
https://fcms.i-securedeliver.jp/sdms/mails/8913096/resume/14686252
Access fileApi End
------------------------------------------------
Access taskApi Start
Access taskApi End
e-nekomail_Send_api.sh is end.
------------------------------------------------
------------------------------------------------
e-nekomail_Send_api.sh is start.

Access mailApi Start
https://fcms.i-securedeliver.jp/sdms/mails/add
Access mailApi End
{ "attachedFiles": [ { "id": 14686281, "fileName": "testmail" } ], "id": 8913108 }
8913108
14686281
Access fileApi Start
https://fcms.i-securedeliver.jp/sdms/mails/8913108/resume/14686281
Access fileApi End
------------------------------------------------
Access taskApi Start
Access taskApi End
e-nekomail_Send_api.sh is end.
------------------------------------------------
------------------------------------------------
e-nekomail_Send_api.sh is start.

Access mailApi Start
https://fcms.i-securedeliver.jp/sdms/mails/add
Access mailApi End
{ "attachedFiles": [ { "id": 14686283, "fileName": "testmail" } ], "id": 8913110 }
8913110
14686283
Access fileApi Start
https://fcms.i-securedeliver.jp/sdms/mails/8913110/resume/14686283
Access fileApi End
------------------------------------------------
Access taskApi Start
Access taskApi End
e-nekomail_Send_api.sh is end.
------------------------------------------------
------------------------------------------------
e-nekomail_Send_api.sh is start.

Access mailApi Start
https://fcms.i-securedeliver.jp/sdms/mails/add
Access mailApi End
{ "attachedFiles": [ { "id": 14686284, "fileName": "testmail" } ], "id": 8913111 }
8913111
14686284
Access fileApi Start
https://fcms.i-securedeliver.jp/sdms/mails/8913111/resume/14686284
Access fileApi End
------------------------------------------------
Access taskApi Start
status is FINISHED!
Access taskApi End
e-nekomail_Send_api.sh is end.
------------------------------------------------
